<?xml version="1.0" encoding="UTF-8"?>
<testng-results ignored="0" total="0" passed="0" failed="0" skipped="0">
  <reporter-output>
  </reporter-output>
  <suite started-at="2023-10-03T10:38:09 SAST" name="com.demo.steps.TestRunner" finished-at="2023-10-03T10:38:09 SAST" duration-ms="62">
    <groups>
    </groups>
    <test started-at="2023-10-03T10:38:09 SAST" name="Command line test" finished-at="2023-10-03T10:38:09 SAST" duration-ms="62">
    </test> <!-- Command line test -->
  </suite> <!-- com.demo.steps.TestRunner -->
</testng-results>
